0 info it worked if it ends with ok
1 verbose cli [ 'C:\\Program Files\\nodejs\\node.exe',
1 verbose cli   'C:\\Program Files\\nodejs\\node_modules\\npm\\bin\\npm-cli.js',
1 verbose cli   'run',
1 verbose cli   'patch' ]
2 info using npm@3.10.10
3 info using node@v6.11.4
4 verbose run-script [ 'prepatch', 'patch', 'postpatch' ]
5 info lifecycle icacro@1.0.23~prepatch: icacro@1.0.23
6 silly lifecycle icacro@1.0.23~prepatch: no script for prepatch, continuing
7 info lifecycle icacro@1.0.23~patch: icacro@1.0.23
8 verbose lifecycle icacro@1.0.23~patch: unsafe-perm in lifecycle true
9 verbose lifecycle icacro@1.0.23~patch: PATH: C:\Program Files\nodejs\node_modules\npm\bin\node-gyp-bin;C:\Projects\icacro\node_modules\.bin;C:\Users\exkmcr\bin;C:\Program Files\Git\mingw64\bin;C:\Program Files\Git\usr\local\bin;C:\Program Files\Git\usr\bin;C:\Program Files\Git\usr\bin;C:\Program Files\Git\cmd;C:\Program Files\Git\usr\bin;C:\Program Files\ConEmu\ConEmu\Scripts;C:\Program Files\ConEmu;C:\Program Files\ConEmu\ConEmu;C:\Program Files\Docker\Docker\Resources\bin;C:\ProgramData\Oracle\Java\javapath;C:\Windows\system32;C:\Windows;C:\Windows\System32\Wbem;C:\Windows\System32\WindowsPowerShell\v1.0;C:\Program Files\Microsoft SQL Server\130\Tools\Binn;C:\Program Files\dotnet;C:\Program Files\Git\cmd;C:\Program Files\nodejs;C:\Program Files (x86)\Yarn\bin;C:\Program Files\PuTTY;C:\Program Files\Microsoft SQL Server\Client SDK\ODBC\130\Tools\Binn;C:\Program Files (x86)\Microsoft SQL Server\140\Tools\Binn;C:\Program Files\Microsoft SQL Server\140\Tools\Binn;C:\Program Files\Microsoft SQL Server\140\DTS\Binn;C:\Program Files (x86)\Microsoft SQL Server\Client SDK\ODBC\130\Tools\Binn;C:\Program Files (x86)\Microsoft SQL Server\140\DTS\Binn;C:\Program Files (x86)\Microsoft SQL Server\140\Tools\Binn\ManagementStudio;C:\Users\exkmcr\AppData\Local\Programs\Python\Python36-32\Scripts;C:\Users\exkmcr\AppData\Local\Programs\Python\Python36-32;C:\Program-Files\Ruby24-x64\bin;C:\Users\exkmcr\AppData\Local\Microsoft\WindowsApps;C:\Users\exkmcr\AppData\Roaming\npm;C:\Users\exkmcr\AppData\Local\Yarn\bin;C:\Users\exkmcr\AppData\Local\atom\bin;C:\Program Files\Git\usr\bin\vendor_perl;C:\Program Files\Git\usr\bin\core_perl
10 verbose lifecycle icacro@1.0.23~patch: CWD: C:\Projects\icacro
11 silly lifecycle icacro@1.0.23~patch: Args: [ '/d /s /c', 'npm version patch -m "Lyft till ny version"' ]
12 silly lifecycle icacro@1.0.23~patch: Returned: code: 1  signal: null
13 info lifecycle icacro@1.0.23~patch: Failed to exec patch script
14 verbose stack Error: icacro@1.0.23 patch: `npm version patch -m "Lyft till ny version"`
14 verbose stack Exit status 1
14 verbose stack     at EventEmitter.<anonymous> (C:\Program Files\nodejs\node_modules\npm\lib\utils\lifecycle.js:255:16)
14 verbose stack     at emitTwo (events.js:106:13)
14 verbose stack     at EventEmitter.emit (events.js:191:7)
14 verbose stack     at ChildProcess.<anonymous> (C:\Program Files\nodejs\node_modules\npm\lib\utils\spawn.js:40:14)
14 verbose stack     at emitTwo (events.js:106:13)
14 verbose stack     at ChildProcess.emit (events.js:191:7)
14 verbose stack     at maybeClose (internal/child_process.js:920:16)
14 verbose stack     at Process.ChildProcess._handle.onexit (internal/child_process.js:230:5)
15 verbose pkgid icacro@1.0.23
16 verbose cwd C:\Projects\icacro
17 error Windows_NT 10.0.15063
18 error argv "C:\\Program Files\\nodejs\\node.exe" "C:\\Program Files\\nodejs\\node_modules\\npm\\bin\\npm-cli.js" "run" "patch"
19 error node v6.11.4
20 error npm  v3.10.10
21 error code ELIFECYCLE
22 error icacro@1.0.23 patch: `npm version patch -m "Lyft till ny version"`
22 error Exit status 1
23 error Failed at the icacro@1.0.23 patch script 'npm version patch -m "Lyft till ny version"'.
23 error Make sure you have the latest version of node.js and npm installed.
23 error If you do, this is most likely a problem with the icacro package,
23 error not with npm itself.
23 error Tell the author that this fails on your system:
23 error     npm version patch -m "Lyft till ny version"
23 error You can get information on how to open an issue for this project with:
23 error     npm bugs icacro
23 error Or if that isn't available, you can get their info via:
23 error     npm owner ls icacro
23 error There is likely additional logging output above.
24 verbose exit [ 1, true ]
